05-23 17:39:40.443 |-INFO  c.anji.captcha.demo.StartApplication:50 - Starting StartApplication on kean-qideMacBook-Pro.local with PID 7973 (/Users/kean_qi/Desktop/AllwaysWork/AllwaysGit/GitHub/captchaa/captcha/service/springboot/target/classes started by kean_qi in /Users/kean_qi/Desktop/AllwaysWork/AllwaysGit/GitHub/captchaa/captcha)
05-23 17:39:40.447 |-INFO  c.anji.captcha.demo.StartApplication:662 - No active profile set, falling back to default profiles: default
05-23 17:39:40.545 |-INFO  o.s.b.w.s.c.AnnotationConfigServletWebServerApplicationContext:590 - Refreshing org.springframework.boot.web.servlet.context.AnnotationConfigServletWebServerApplicationContext@6a28ffa4: startup date [Sat May 23 17:39:40 CST 2020]; root of context hierarchy
05-23 17:39:42.078 |-INFO  o.s.b.w.e.tomcat.TomcatWebServer:91 - Tomcat initialized with port(s): 8080 (http)
05-23 17:39:42.095 |-INFO  o.a.coyote.http11.Http11NioProtocol:180 - Initializing ProtocolHandler ["http-nio-8080"]
05-23 17:39:42.107 |-INFO  o.a.catalina.core.StandardService:180 - Starting service [Tomcat]
05-23 17:39:42.107 |-INFO  o.a.catalina.core.StandardEngine:180 - Starting Servlet Engine: Apache Tomcat/8.5.32
05-23 17:39:42.111 |-INFO  o.a.c.core.AprLifecycleListener:180 - The APR based Apache Tomcat Native library which allows optimal performance in production environments was not found on the java.library.path: [/Users/kean_qi/Library/Java/Extensions:/Library/Java/Extensions:/Network/Library/Java/Extensions:/System/Library/Java/Extensions:/usr/lib/java:.]
05-23 17:39:42.218 |-INFO  o.a.c.c.C.[Tomcat].[localhost].[/]:180 - Initializing Spring embedded WebApplicationContext
05-23 17:39:42.219 |-INFO  o.s.web.context.ContextLoader:285 - Root WebApplicationContext: initialization completed in 1674 ms
05-23 17:39:42.286 |-INFO  o.s.b.w.s.ServletRegistrationBean:187 - Servlet dispatcherServlet mapped to [/]
05-23 17:39:42.291 |-INFO  o.s.b.w.s.FilterRegistrationBean:245 - Mapping filter: 'characterEncodingFilter' to: [/*]
05-23 17:39:42.292 |-INFO  o.s.b.w.s.FilterRegistrationBean:245 - Mapping filter: 'hiddenHttpMethodFilter' to: [/*]
05-23 17:39:42.293 |-INFO  o.s.b.w.s.FilterRegistrationBean:245 - Mapping filter: 'httpPutFormContentFilter' to: [/*]
05-23 17:39:42.293 |-INFO  o.s.b.w.s.FilterRegistrationBean:245 - Mapping filter: 'requestContextFilter' to: [/*]
05-23 17:39:42.293 |-INFO  o.s.b.w.s.FilterRegistrationBean:245 - Mapping filter: 'corsFilter' to: [/*]
05-23 17:39:42.655 |-INFO  com.anji.captcha.util.ImageUtils:65 - 初始化底图:{"SLIDING_BLOCK":["10.png","3.png","9.png","8.png","4.png","1.png","7.png","5.png","2.png","11.png","6.png"],"ORIGINAL":["bg3.png","bg19.png","bg14.png","bg7.png","bg9.png","bg4.png","bg15.png","bg11.png","bg20.png","bg8.png","bg16.png","bg12.png","bg1.png","bg5.png","bg10.png","bg13.png","bg2.png","bg17.png","bg18.png","bg6.png"],"PIC_CLICK":["bg3.png","bg1.png","bg5.png","bg7.png","bg9.png","bg4.png","bg2.png","bg6.png","bg8.png"]}
05-23 17:39:42.657 |-INFO  c.a.c.s.i.DefaultCaptchaServiceImpl:64 - --->>>初始化验证码底图<<<---
05-23 17:39:42.717 |-INFO  o.s.w.s.h.SimpleUrlHandlerMapping:373 - Mapped URL path [/**/favicon.ico] onto handler of type [class org.springframework.web.servlet.resource.ResourceHttpRequestHandler]
05-23 17:39:42.867 |-INFO  o.s.w.s.m.m.a.RequestMappingHandlerAdapter:574 - Looking for @ControllerAdvice: org.springframework.boot.web.servlet.context.AnnotationConfigServletWebServerApplicationContext@6a28ffa4: startup date [Sat May 23 17:39:40 CST 2020]; root of context hierarchy
05-23 17:39:42.931 |-INFO  o.s.w.s.m.m.a.RequestMappingHandlerMapping:547 - Mapped "{[/test/login],methods=[POST]}" onto public com.anji.captcha.model.common.ResponseModel com.anji.captcha.demo.controller.DemoController.get(com.anji.captcha.model.vo.CaptchaVO)
05-23 17:39:42.933 |-INFO  o.s.w.s.m.m.a.RequestMappingHandlerMapping:547 - Mapped "{[/captcha/get],methods=[POST]}" onto public com.anji.captcha.model.common.ResponseModel com.anji.captcha.controller.CaptchaController.get(com.anji.captcha.model.vo.CaptchaVO)
05-23 17:39:42.934 |-INFO  o.s.w.s.m.m.a.RequestMappingHandlerMapping:547 - Mapped "{[/captcha/check],methods=[POST]}" onto public com.anji.captcha.model.common.ResponseModel com.anji.captcha.controller.CaptchaController.check(com.anji.captcha.model.vo.CaptchaVO)
05-23 17:39:42.935 |-INFO  o.s.w.s.m.m.a.RequestMappingHandlerMapping:547 - Mapped "{[/captcha/verify],methods=[POST]}" onto public com.anji.captcha.model.common.ResponseModel com.anji.captcha.controller.CaptchaController.verify(com.anji.captcha.model.vo.CaptchaVO)
05-23 17:39:42.937 |-INFO  o.s.w.s.m.m.a.RequestMappingHandlerMapping:547 - Mapped "{[/error]}" onto public org.springframework.http.ResponseEntity<java.util.Map<java.lang.String, java.lang.Object>> org.springframework.boot.autoconfigure.web.servlet.error.BasicErrorController.error(javax.servlet.http.HttpServletRequest)
05-23 17:39:42.938 |-INFO  o.s.w.s.m.m.a.RequestMappingHandlerMapping:547 - Mapped "{[/error],produces=[text/html]}" onto public org.springframework.web.servlet.ModelAndView org.springframework.boot.autoconfigure.web.servlet.error.BasicErrorController.errorHtml(javax.servlet.http.HttpServletRequest,javax.servlet.http.HttpServletResponse)
05-23 17:39:42.956 |-INFO  o.s.w.s.h.SimpleUrlHandlerMapping:373 - Mapped URL path [/webjars/**] onto handler of type [class org.springframework.web.servlet.resource.ResourceHttpRequestHandler]
05-23 17:39:42.956 |-INFO  o.s.w.s.h.SimpleUrlHandlerMapping:373 - Mapped URL path [/**] onto handler of type [class org.springframework.web.servlet.resource.ResourceHttpRequestHandler]
05-23 17:39:43.160 |-INFO  o.s.j.e.a.AnnotationMBeanExporter:433 - Registering beans for JMX exposure on startup
05-23 17:39:43.179 |-INFO  o.a.coyote.http11.Http11NioProtocol:180 - Starting ProtocolHandler ["http-nio-8080"]
05-23 17:39:43.202 |-INFO  o.a.tomcat.util.net.NioSelectorPool:180 - Using a shared selector for servlet write/read
05-23 17:39:43.215 |-INFO  o.s.b.w.e.tomcat.TomcatWebServer:206 - Tomcat started on port(s): 8080 (http) with context path ''
05-23 17:39:43.218 |-INFO  c.anji.captcha.demo.StartApplication:59 - Started StartApplication in 3.678 seconds (JVM running for 5.033)
05-23 17:40:04.088 |-INFO  o.a.c.c.C.[Tomcat].[localhost].[/]:180 - Initializing Spring FrameworkServlet 'dispatcherServlet'
05-23 17:40:04.088 |-INFO  o.s.web.servlet.DispatcherServlet:494 - FrameworkServlet 'dispatcherServlet': initialization started
05-23 17:40:04.111 |-INFO  o.s.web.servlet.DispatcherServlet:509 - FrameworkServlet 'dispatcherServlet': initialization completed in 22 ms
05-23 17:40:50.657 |-WARN  o.s.w.s.m.s.DefaultHandlerExceptionResolver:424 - Failed to read HTTP message: org.springframework.http.converter.HttpMessageNotReadableException: JSON parse error: Unrecognized token 'captchaType': was expecting ('true', 'false' or 'null'); nested exception is com.fasterxml.jackson.core.JsonParseException: Unrecognized token 'captchaType': was expecting ('true', 'false' or 'null')
 at [Source: (PushbackInputStream); line: 1, column: 13]
05-23 17:44:43.846 |-WARN  o.s.w.s.m.s.DefaultHandlerExceptionResolver:424 - Failed to read HTTP message: org.springframework.http.converter.HttpMessageNotReadableException: JSON parse error: Unrecognized token 'captchaType': was expecting ('true', 'false' or 'null'); nested exception is com.fasterxml.jackson.core.JsonParseException: Unrecognized token 'captchaType': was expecting ('true', 'false' or 'null')
 at [Source: (PushbackInputStream); line: 1, column: 13]
05-23 17:46:30.059 |-WARN  o.s.web.servlet.PageNotFound:255 - Request method 'GET' not supported
05-23 17:52:44.125 |-WARN  o.s.w.s.m.s.DefaultHandlerExceptionResolver:424 - Failed to read HTTP message: org.springframework.http.converter.HttpMessageNotReadableException: JSON parse error: Unrecognized token 'captchaType': was expecting ('true', 'false' or 'null'); nested exception is com.fasterxml.jackson.core.JsonParseException: Unrecognized token 'captchaType': was expecting ('true', 'false' or 'null')
 at [Source: (PushbackInputStream); line: 1, column: 13]
05-23 17:55:50.594 |-WARN  o.s.w.s.m.s.DefaultHandlerExceptionResolver:424 - Failed to read HTTP message: org.springframework.http.converter.HttpMessageNotReadableException: JSON parse error: Unrecognized token 'captchaType': was expecting ('true', 'false' or 'null'); nested exception is com.fasterxml.jackson.core.JsonParseException: Unrecognized token 'captchaType': was expecting ('true', 'false' or 'null')
 at [Source: (PushbackInputStream); line: 1, column: 13]
05-23 17:56:09.249 |-WARN  o.s.w.s.m.s.DefaultHandlerExceptionResolver:424 - Failed to read HTTP message: org.springframework.http.converter.HttpMessageNotReadableException: JSON parse error: Unrecognized token 'captchaType': was expecting ('true', 'false' or 'null'); nested exception is com.fasterxml.jackson.core.JsonParseException: Unrecognized token 'captchaType': was expecting ('true', 'false' or 'null')
 at [Source: (PushbackInputStream); line: 1, column: 13]
05-23 17:58:05.443 |-WARN  o.s.w.s.m.s.DefaultHandlerExceptionResolver:424 - Failed to read HTTP message: org.springframework.http.converter.HttpMessageNotReadableException: JSON parse error: Unrecognized token 'captchaType': was expecting ('true', 'false' or 'null'); nested exception is com.fasterxml.jackson.core.JsonParseException: Unrecognized token 'captchaType': was expecting ('true', 'false' or 'null')
 at [Source: (PushbackInputStream); line: 1, column: 13]
05-23 18:00:44.378 |-WARN  o.s.w.s.m.s.DefaultHandlerExceptionResolver:424 - Failed to read HTTP message: org.springframework.http.converter.HttpMessageNotReadableException: JSON parse error: Unrecognized token 'captchaType': was expecting ('true', 'false' or 'null'); nested exception is com.fasterxml.jackson.core.JsonParseException: Unrecognized token 'captchaType': was expecting ('true', 'false' or 'null')
 at [Source: (PushbackInputStream); line: 1, column: 13]
05-23 18:01:54.011 |-WARN  o.s.w.s.m.s.DefaultHandlerExceptionResolver:424 - Failed to read HTTP message: org.springframework.http.converter.HttpMessageNotReadableException: JSON parse error: Unrecognized token 'captchaType': was expecting ('true', 'false' or 'null'); nested exception is com.fasterxml.jackson.core.JsonParseException: Unrecognized token 'captchaType': was expecting ('true', 'false' or 'null')
 at [Source: (PushbackInputStream); line: 1, column: 13]
05-23 18:06:11.495 |-WARN  o.s.w.s.m.s.DefaultHandlerExceptionResolver:424 - Failed to read HTTP message: org.springframework.http.converter.HttpMessageNotReadableException: JSON parse error: Unrecognized token 'captchaType': was expecting ('true', 'false' or 'null'); nested exception is com.fasterxml.jackson.core.JsonParseException: Unrecognized token 'captchaType': was expecting ('true', 'false' or 'null')
 at [Source: (PushbackInputStream); line: 1, column: 13]
